{
    "init_state": [
        "p",
        "q"
    ],
    "final_states": [
        [
            "r",
            "q"
        ],
        [
            "r",
            "p",
            "q"
        ],
        [
            "r"
        ]
    ],
    "type": "automaton",
    "states": [
        [
            "p",
            "q"
        ],
        [
            "r",
            "q"
        ],
        [
            "r",
            "p",
            "q"
        ],
        [
            "r"
        ]
    ],
    "alphabet": [
        "c",
        "a",
        "b"
    ],
    "transitions": {
        "['r', 'p', 'q']": {
            "c": [
                "r",
                "p",
                "q"
            ],
            "b": [
                "r",
                "q"
            ],
            "a": [
                "p",
                "q"
            ]
        },
        "['r', 'q']": {
            "c": [
                "p",
                "q"
            ],
            "b": [
                "r"
            ],
            "a": [
                "p",
                "q"
            ]
        },
        "['r']": {
            "ε": [],
            "c": [],
            "b": [],
            "a": []
        },
        "['p', 'q']": {
            "c": [
                "r",
                "p",
                "q"
            ],
            "b": [
                "r",
                "q"
            ],
            "a": [
                "p",
                "q"
            ]
        }
    }
}