{
    "init_state": [
        "q0"
    ],
    "final_states": [
        [
            "q2",
            "q0",
            "q1",
            "q3"
        ],
        [
            "q0",
            "q1",
            "q3"
        ],
        [
            "q0",
            "q3"
        ]
    ],
    "type": "automaton",
    "states": [
        [
            "q0",
            "q1",
            "q3"
        ],
        [
            "q2",
            "q0",
            "q1"
        ],
        [
            "q0",
            "q1"
        ],
        [
            "q2",
            "q0",
            "q1",
            "q3"
        ],
        [
            "q0"
        ],
        [
            "q0",
            "q3"
        ]
    ],
    "alphabet": [
        "a",
        "b"
    ],
    "transitions": {
        "['q0', 'q1']": {
            "b": [
                "q0"
            ],
            "a": [
                "q2",
                "q0",
                "q1"
            ]
        },
        "['q2', 'q0', 'q1', 'q3']": {
            "b": [
                "q0",
                "q3"
            ],
            "a": [
                "q2",
                "q0",
                "q1",
                "q3"
            ]
        },
        "['q0']": {
            "b": [
                "q0"
            ],
            "a": [
                "q0",
                "q1"
            ]
        },
        "['q2', 'q0', 'q1']": {
            "b": [
                "q0",
                "q3"
            ],
            "a": [
                "q2",
                "q0",
                "q1"
            ]
        },
        "['q0', 'q1', 'q3']": {
            "b": [
                "q0",
                "q3"
            ],
            "a": [
                "q2",
                "q0",
                "q1",
                "q3"
            ]
        },
        "['q0', 'q3']": {
            "b": [
                "q0",
                "q3"
            ],
            "a": [
                "q0",
                "q1",
                "q3"
            ]
        }
    }
}