{
    "init_state": [
        "x"
    ],
    "final_states": [
        [
            "x",
            "y"
        ],
        [
            "x",
            "z"
        ]
    ],
    "type": "automaton",
    "states": [
        [
            "x",
            "y"
        ],
        [
            "x",
            "z"
        ],
        [
            "x"
        ]
    ],
    "alphabet": [
        "1",
        "0"
    ],
    "transitions": {
        "['x', 'y']": {
            "1": [
                "x",
                "z"
            ],
            "0": [
                "x",
                "y"
            ]
        },
        "['x', 'z']": {
            "1": [
                "x"
            ],
            "0": [
                "x",
                "y"
            ]
        },
        "['x']": {
            "1": [
                "x"
            ],
            "0": [
                "x",
                "y"
            ]
        }
    }
}